Build started 2014-05-14 4:04:18 PM.
     1>Project "C:\Users\jeng\Documents\School\assignment2\assignment2\assignment2.vcxproj" on node 2 (build target(s)).
     1>InitializeBuildStatus:
         Creating "Debug\assignment2.unsuccessfulbuild" because "AlwaysCreate" was specified.
       ClCompile:
         C:\Program Files (x86)\Microsoft Visual Studio 10.0\VC\bin\CL.exe /c /ZI /nologo /W3 /WX- /Od /Oy- /D _MBCS /Gm /EHsc /RTC1 /MDd /GS /fp:precise /Zc:wchar_t /Zc:forScope /Fo"Debug\\" /Fd"Debug\vc100.pdb" /Gd /TP /analyze- /errorReport:prompt FunnyBoxes.cpp
         FunnyBoxes.cpp
     1>c:\users\jeng\documents\school\assignment2\assignment2\funnyboxes.cpp(31): warning C4129: 'E' : unrecognized character escape sequence
       Link:
         C:\Program Files (x86)\Microsoft Visual Studio 10.0\VC\bin\link.exe /ERRORREPORT:PROMPT /OUT:"C:\Users\jeng\Documents\School\assignment2\Debug\assignment2.exe" /NOLOGO kernel32.lib user32.lib gdi32.lib winspool.lib comdlg32.lib advapi32.lib shell32.lib ole32.lib oleaut32.lib uuid.lib odbc32.lib odbccp32.lib /MANIFEST /ManifestFile:"Debug\assignment2.exe.intermediate.manifest" /MANIFESTUAC:"level='asInvoker' uiAccess='false'" /DEBUG /PDB:"C:\Users\jeng\Documents\School\assignment2\Debug\assignment2.pdb" /TLBID:1 /DYNAMICBASE /NXCOMPAT /IMPLIB:"C:\Users\jeng\Documents\School\assignment2\Debug\assignment2.lib" /MACHINE:X86 Debug\FunnyBoxes.obj
         LINK : C:\Users\jeng\Documents\School\assignment2\Debug\assignment2.exe not found or not built by the last incremental link; performing full link
         assignment2.vcxproj -> C:\Users\jeng\Documents\School\assignment2\Debug\assignment2.exe
       Manifest:
         C:\Program Files (x86)\Microsoft SDKs\Windows\v7.0A\bin\mt.exe /nologo /verbose /outputresource:"C:\Users\jeng\Documents\School\assignment2\Debug\assignment2.exe;#1" /manifest Debug\assignment2.exe.intermediate.manifest
       FinalizeBuildStatus:
         Deleting file "Debug\assignment2.unsuccessfulbuild".
         Touching "Debug\assignment2.lastbuildstate".
     1>Done Building Project "C:\Users\jeng\Documents\School\assignment2\assignment2\assignment2.vcxproj" (build target(s)).

Build succeeded.

Time Elapsed 00:00:01.83
